<?xml version="1.0" encoding="UTF-8"?>
<testsuite xmlns:xsi="http://www.w3.org/2001/XMLSchema-instance" xsi:noNamespaceSchemaLocation="https://maven.apache.org/surefire/maven-surefire-plugin/xsd/surefire-test-report.xsd" name="TestSuite" time="155.538" tests="6" errors="0" skipped="0" failures="1">
  <properties>
[...]
</properties>
  <testcase name="verifyUserAbleToNavigateToComputersPage" classname="com.demo.nopcommerce.testsuite.ComputerTest" time="2.137"/>
  <testcase name="verifyThatListofAllElementsDisplayedOnHomePage" classname="com.demo.nopcommerce.testsuite.HomePageTest" time="2.025"/>
  <testcase name="verifyUserIsAbletoNavigatetoLoginPage" classname="com.demo.nopcommerce.testsuite.LoginTest" time="2.156"/>
  <testcase name="verifyThatUserIsAbleToNavigateToRegisterPage" classname="com.demo.nopcommerce.testsuite.RegistrationTest" time="1.987"/>
  <testcase name="verifyUserIsAbleToNavigateToDesktopPageViaComputersPage" classname="com.demo.nopcommerce.testsuite.ComputerTest" time="52.29">
    <failure message="no such element: Unable to locate element: {&quot;method&quot;:&quot;xpath&quot;,&quot;selector&quot;:&quot;//h1[contains(text(),&apos;Desktops&apos;)]&quot;}&#10;  (Session info: chrome=80.0.3987.163)&#10;For documentation on this error, please visit: https://www.seleniumhq.org/exceptions/no_such_element.html&#10;Build info: version: &apos;3.141.59&apos;, revision: &apos;e82be7d358&apos;, time: &apos;2018-11-14T08:17:03&apos;&#10;System info: host: &apos;LAPTOP-7HUNRUID&apos;, ip: &apos;192.168.0.8&apos;, os.name: &apos;Windows 10&apos;, os.arch: &apos;amd64&apos;, os.version: &apos;10.0&apos;, java.version: &apos;1.8.0_121&apos;&#10;Driver info: org.openqa.selenium.chrome.ChromeDriver&#10;Capabilities {acceptInsecureCerts: false, browserName: chrome, browserVersion: 80.0.3987.163, chrome: {chromedriverVersion: 80.0.3987.106 (f68069574609..., userDataDir: C:\Users\srini\AppData\Loca...}, goog:chromeOptions: {debuggerAddress: localhost:50469}, javascriptEnabled: true, networkConnectionEnabled: false, pageLoadStrategy: normal, platform: WINDOWS, platformName: WINDOWS, proxy: Proxy(), setWindowRect: true, strictFileInteractability: false, timeouts: {implicit: 0, pageLoad: 300000, script: 30000}, unhandledPromptBehavior: dismiss and notify}&#10;Session ID: 8007d978469ac28053b2863246e4632c&#10;*** Element info: {Using=xpath, value=//h1[contains(text(),&apos;Desktops&apos;)]}" type="org.openqa.selenium.NoSuchElementException">org.openqa.selenium.NoSuchElementException: 
no such element: Unable to locate element: {"method":"xpath","selector":"//h1[contains(text(),'Desktops')]"}
  (Session info: chrome=80.0.3987.163)
For documentation on this error, please visit: https://www.seleniumhq.org/exceptions/no_such_element.html
Build info: version: '3.141.59', revision: 'e82be7d358', time: '2018-11-14T08:17:03'
System info: host: 'LAPTOP-7HUNRUID', ip: '192.168.0.8', os.name: 'Windows 10', os.arch: 'amd64', os.version: '10.0', java.version: '1.8.0_121'
Driver info: org.openqa.selenium.chrome.ChromeDriver
Capabilities {acceptInsecureCerts: false, browserName: chrome, browserVersion: 80.0.3987.163, chrome: {chromedriverVersion: 80.0.3987.106 (f68069574609..., userDataDir: C:\Users\srini\AppData\Loca...}, goog:chromeOptions: {debuggerAddress: localhost:50469}, javascriptEnabled: true, networkConnectionEnabled: false, pageLoadStrategy: normal, platform: WINDOWS, platformName: WINDOWS, proxy: Proxy(), setWindowRect: true, strictFileInteractability: false, timeouts: {implicit: 0, pageLoad: 300000, script: 30000}, unhandledPromptBehavior: dismiss and notify}
Session ID: 8007d978469ac28053b2863246e4632c
*** Element info: {Using=xpath, value=//h1[contains(text(),'Desktops')]}
	at com.demo.nopcommerce.testsuite.ComputerTest.verifyUserIsAbleToNavigateToDesktopPageViaComputersPage(ComputerTest.java:38)
</failure>
    <system-err><![CDATA[Starting ChromeDriver 80.0.3987.106 (f68069574609230cf9b635cd784cfb1bf81bb53a-refs/branch-heads/3987@{#882}) on port 40808
Only local connections are allowed.
Please protect ports used by ChromeDriver and related test frameworks to prevent access by malicious code.
[1586813549.784][WARNING]: Timed out connecting to Chrome, retrying...
Apr 13, 2020 10:32:31 PM org.openqa.selenium.remote.ProtocolHandshake createSession
INFO: Detected dialect: W3C
[1586813553.962][WARNING]: Timed out connecting to Chrome, retrying...
[1586813557.410][SEVERE]: Timed out receiving message from renderer: 0.100
[1586813557.689][SEVERE]: Timed out receiving message from renderer: 0.100
[1586813558.199][SEVERE]: Timed out receiving message from renderer: 0.100
[1586813558.366][SEVERE]: Timed out receiving message from renderer: 0.100
[1586813558.470][SEVERE]: Timed out receiving message from renderer: 0.100
[1586813559.880][SEVERE]: Timed out receiving message from renderer: 0.100
[1586813560.088][SEVERE]: Timed out receiving message from renderer: 0.100
[1586813560.198][SEVERE]: Timed out receiving message from renderer: 0.100
]]></system-err>
  </testcase>
  <testcase name="verifyThatComputerLinkisDisplayed" classname="com.demo.nopcommerce.testsuite.HomePageTest" time="2.277"/>
</testsuite>