<?xml version="1.0" encoding="UTF-8"?>
<testng-results skipped="0" failed="1" ignored="0" total="6" passed="5">
  <reporter-output>
  </reporter-output>
  <suite name="Surefire suite" duration-ms="153465" started-at="2020-04-13T21:31:17Z" finished-at="2020-04-13T21:33:51Z">
    <groups>
      <group name="regression">
        <method signature="ComputerTest.verifyUserIsAbleToNavigateToDesktopPage()[pri:2, instance:com.demo.nopcommerce.testsuite.ComputerTest@6276ae34]" name="verifyUserIsAbleToNavigateToDesktopPage" class="com.demo.nopcommerce.testsuite.ComputerTest"/>
        <method signature="ComputerTest.verifyUserIsAbleToNavigateToDesktopPageViaComputersPage()[pri:1, instance:com.demo.nopcommerce.testsuite.ComputerTest@6276ae34]" name="verifyUserIsAbleToNavigateToDesktopPageViaComputersPage" class="com.demo.nopcommerce.testsuite.ComputerTest"/>
        <method signature="LoginTest.verifyUserIsAbleToLoginSuccessfully()[pri:1, instance:com.demo.nopcommerce.testsuite.LoginTest@3c09711b]" name="verifyUserIsAbleToLoginSuccessfully" class="com.demo.nopcommerce.testsuite.LoginTest"/>
        <method signature="LoginTest.verifyUserIsAbleToLoginSuccessfullywithWrongDetails()[pri:2, instance:com.demo.nopcommerce.testsuite.LoginTest@3c09711b]" name="verifyUserIsAbleToLoginSuccessfullywithWrongDetails" class="com.demo.nopcommerce.testsuite.LoginTest"/>
        <method signature="LoginTest.verifyUserIsNotAbleToLoginWithInvalidCredentials()[pri:3, instance:com.demo.nopcommerce.testsuite.LoginTest@3c09711b]" name="verifyUserIsNotAbleToLoginWithInvalidCredentials" class="com.demo.nopcommerce.testsuite.LoginTest"/>
        <method signature="RegistrationTest.verifyThatNewUserIsAbleToRegister()[pri:2, instance:com.demo.nopcommerce.testsuite.RegistrationTest@5cc7c2a6]" name="verifyThatNewUserIsAbleToRegister" class="com.demo.nopcommerce.testsuite.RegistrationTest"/>
        <method signature="RegistrationTest.verifyThatNewUserIsAbleToRegisterSuccessfully()[pri:2, instance:com.demo.nopcommerce.testsuite.RegistrationTest@5cc7c2a6]" name="verifyThatNewUserIsAbleToRegisterSuccessfully" class="com.demo.nopcommerce.testsuite.RegistrationTest"/>
        <method signature="RegistrationTest.verifyUserisNotBeAbleToRegisterWithInvalidCredentials()[pri:3, instance:com.demo.nopcommerce.testsuite.RegistrationTest@5cc7c2a6]" name="verifyUserisNotBeAbleToRegisterWithInvalidCredentials" class="com.demo.nopcommerce.testsuite.RegistrationTest"/>
      </group> <!-- regression -->
      <group name="smoke">
        <method signature="ComputerTest.verifyUserAbleToNavigateToComputersPage()[pri:0, instance:com.demo.nopcommerce.testsuite.ComputerTest@6276ae34]" name="verifyUserAbleToNavigateToComputersPage" class="com.demo.nopcommerce.testsuite.ComputerTest"/>
        <method signature="HomePageTest.verifyThatListofAllElementsDisplayedOnHomePage()[pri:0, instance:com.demo.nopcommerce.testsuite.HomePageTest@7946e1f4]" name="verifyThatListofAllElementsDisplayedOnHomePage" class="com.demo.nopcommerce.testsuite.HomePageTest"/>
        <method signature="LoginTest.verifyUserIsAbletoNavigatetoLoginPage()[pri:0, instance:com.demo.nopcommerce.testsuite.LoginTest@3c09711b]" name="verifyUserIsAbletoNavigatetoLoginPage" class="com.demo.nopcommerce.testsuite.LoginTest"/>
        <method signature="RegistrationTest.verifyThatUserIsAbleToNavigateToRegisterPage()[pri:0, instance:com.demo.nopcommerce.testsuite.RegistrationTest@5cc7c2a6]" name="verifyThatUserIsAbleToNavigateToRegisterPage" class="com.demo.nopcommerce.testsuite.RegistrationTest"/>
      </group> <!-- smoke -->
      <group name="sanity">
        <method signature="ComputerTest.verifyUserAbleToNavigateToComputersPage()[pri:0, instance:com.demo.nopcommerce.testsuite.ComputerTest@6276ae34]" name="verifyUserAbleToNavigateToComputersPage" class="com.demo.nopcommerce.testsuite.ComputerTest"/>
        <method signature="ComputerTest.verifyUserIsAbleToNavigateToDesktopPage()[pri:2, instance:com.demo.nopcommerce.testsuite.ComputerTest@6276ae34]" name="verifyUserIsAbleToNavigateToDesktopPage" class="com.demo.nopcommerce.testsuite.ComputerTest"/>
        <method signature="ComputerTest.verifyUserIsAbleToNavigateToDesktopPageViaComputersPage()[pri:1, instance:com.demo.nopcommerce.testsuite.ComputerTest@6276ae34]" name="verifyUserIsAbleToNavigateToDesktopPageViaComputersPage" class="com.demo.nopcommerce.testsuite.ComputerTest"/>
        <method signature="HomePageTest.verifyComputerLinkisDisplayed()[pri:2, instance:com.demo.nopcommerce.testsuite.HomePageTest@7946e1f4]" name="verifyComputerLinkisDisplayed" class="com.demo.nopcommerce.testsuite.HomePageTest"/>
        <method signature="HomePageTest.verifyThatComputerLinkisDisplayed()[pri:1, instance:com.demo.nopcommerce.testsuite.HomePageTest@7946e1f4]" name="verifyThatComputerLinkisDisplayed" class="com.demo.nopcommerce.testsuite.HomePageTest"/>
        <method signature="LoginTest.verifyUserIsAbleToLoginSuccessfully()[pri:1, instance:com.demo.nopcommerce.testsuite.LoginTest@3c09711b]" name="verifyUserIsAbleToLoginSuccessfully" class="com.demo.nopcommerce.testsuite.LoginTest"/>
        <method signature="LoginTest.verifyUserIsAbletoNavigatetoLoginPage()[pri:0, instance:com.demo.nopcommerce.testsuite.LoginTest@3c09711b]" name="verifyUserIsAbletoNavigatetoLoginPage" class="com.demo.nopcommerce.testsuite.LoginTest"/>
        <method signature="LoginTest.verifyUserIsNotAbleToLoginWithInvalidCredentials()[pri:3, instance:com.demo.nopcommerce.testsuite.LoginTest@3c09711b]" name="verifyUserIsNotAbleToLoginWithInvalidCredentials" class="com.demo.nopcommerce.testsuite.LoginTest"/>
        <method signature="RegistrationTest.verifyThatNewUserIsAbleToRegisterSuccessfully()[pri:2, instance:com.demo.nopcommerce.testsuite.RegistrationTest@5cc7c2a6]" name="verifyThatNewUserIsAbleToRegisterSuccessfully" class="com.demo.nopcommerce.testsuite.RegistrationTest"/>
        <method signature="RegistrationTest.verifyThatUserIsAbleToNavigateToRegisterPage()[pri:0, instance:com.demo.nopcommerce.testsuite.RegistrationTest@5cc7c2a6]" name="verifyThatUserIsAbleToNavigateToRegisterPage" class="com.demo.nopcommerce.testsuite.RegistrationTest"/>
        <method signature="RegistrationTest.verifyUserisNotBeAbleToRegisterWithInvalidCredentials()[pri:3, instance:com.demo.nopcommerce.testsuite.RegistrationTest@5cc7c2a6]" name="verifyUserisNotBeAbleToRegisterWithInvalidCredentials" class="com.demo.nopcommerce.testsuite.RegistrationTest"/>
      </group> <!-- sanity -->
    </groups>
    <test name="Surefire test" duration-ms="153465" started-at="2020-04-13T21:31:17Z" finished-at="2020-04-13T21:33:51Z">
      <class name="com.demo.nopcommerce.testsuite.RegistrationTest">
        <test-method status="PASS" signature="setUpEmail()[pri:0, instance:com.demo.nopcommerce.testsuite.RegistrationTest@5cc7c2a6]" name="setUpEmail" is-config="true" duration-ms="1" started-at="2020-04-13T21:32:09Z" finished-at="2020-04-13T21:32:09Z">
          <reporter-output>
          </reporter-output>
        </test-method> <!-- setUpEmail -->
        <test-method status="PASS" signature="openBrowser()[pri:0, instance:com.demo.nopcommerce.testsuite.RegistrationTest@5cc7c2a6]" name="openBrowser" is-config="true" duration-ms="12795" started-at="2020-04-13T21:32:09Z" finished-at="2020-04-13T21:32:22Z">
          <reporter-output>
          </reporter-output>
        </test-method> <!-- openBrowser -->
        <test-method status="PASS" signature="verifyThatUserIsAbleToNavigateToRegisterPage()[pri:0, instance:com.demo.nopcommerce.testsuite.RegistrationTest@5cc7c2a6]" name="verifyThatUserIsAbleToNavigateToRegisterPage" duration-ms="1987" started-at="2020-04-13T21:32:22Z" finished-at="2020-04-13T21:32:24Z">
          <reporter-output>
          </reporter-output>
        </test-method> <!-- verifyThatUserIsAbleToNavigateToRegisterPage -->
        <test-method status="PASS" signature="tearDown()[pri:0, instance:com.demo.nopcommerce.testsuite.RegistrationTest@5cc7c2a6]" name="tearDown" is-config="true" duration-ms="1321" started-at="2020-04-13T21:32:24Z" finished-at="2020-04-13T21:32:25Z">
          <reporter-output>
          </reporter-output>
        </test-method> <!-- tearDown -->
      </class> <!-- com.demo.nopcommerce.testsuite.RegistrationTest -->
      <class name="com.demo.nopcommerce.testsuite.LoginTest">
        <test-method status="PASS" signature="openBrowser()[pri:0, instance:com.demo.nopcommerce.testsuite.LoginTest@3c09711b]" name="openBrowser" is-config="true" duration-ms="13686" started-at="2020-04-13T21:31:52Z" finished-at="2020-04-13T21:32:06Z">
          <reporter-output>
          </reporter-output>
        </test-method> <!-- openBrowser -->
        <test-method status="PASS" signature="verifyUserIsAbletoNavigatetoLoginPage()[pri:0, instance:com.demo.nopcommerce.testsuite.LoginTest@3c09711b]" name="verifyUserIsAbletoNavigatetoLoginPage" duration-ms="2161" started-at="2020-04-13T21:32:06Z" finished-at="2020-04-13T21:32:08Z">
          <reporter-output>
          </reporter-output>
        </test-method> <!-- verifyUserIsAbletoNavigatetoLoginPage -->
        <test-method status="PASS" signature="tearDown()[pri:0, instance:com.demo.nopcommerce.testsuite.LoginTest@3c09711b]" name="tearDown" is-config="true" duration-ms="931" started-at="2020-04-13T21:32:08Z" finished-at="2020-04-13T21:32:09Z">
          <reporter-output>
          </reporter-output>
        </test-method> <!-- tearDown -->
      </class> <!-- com.demo.nopcommerce.testsuite.LoginTest -->
      <class name="com.demo.nopcommerce.testsuite.HomePageTest">
        <test-method status="PASS" signature="openBrowser()[pri:0, instance:com.demo.nopcommerce.testsuite.HomePageTest@7946e1f4]" name="openBrowser" is-config="true" duration-ms="12854" started-at="2020-04-13T21:31:37Z" finished-at="2020-04-13T21:31:50Z">
          <reporter-output>
          </reporter-output>
        </test-method> <!-- openBrowser -->
        <test-method status="PASS" signature="verifyThatListofAllElementsDisplayedOnHomePage()[pri:0, instance:com.demo.nopcommerce.testsuite.HomePageTest@7946e1f4]" name="verifyThatListofAllElementsDisplayedOnHomePage" duration-ms="167" started-at="2020-04-13T21:31:50Z" finished-at="2020-04-13T21:31:50Z">
          <reporter-output>
          </reporter-output>
        </test-method> <!-- verifyThatListofAllElementsDisplayedOnHomePage -->
        <test-method status="PASS" signature="tearDown()[pri:0, instance:com.demo.nopcommerce.testsuite.HomePageTest@7946e1f4]" name="tearDown" is-config="true" duration-ms="1564" started-at="2020-04-13T21:31:50Z" finished-at="2020-04-13T21:31:52Z">
          <reporter-output>
          </reporter-output>
        </test-method> <!-- tearDown -->
        <test-method status="PASS" signature="openBrowser()[pri:0, instance:com.demo.nopcommerce.testsuite.HomePageTest@7946e1f4]" name="openBrowser" is-config="true" duration-ms="15850" started-at="2020-04-13T21:33:32Z" finished-at="2020-04-13T21:33:47Z">
          <reporter-output>
          </reporter-output>
        </test-method> <!-- openBrowser -->
        <test-method status="PASS" signature="verifyThatComputerLinkisDisplayed()[pri:1, instance:com.demo.nopcommerce.testsuite.HomePageTest@7946e1f4]" name="verifyThatComputerLinkisDisplayed" duration-ms="1600" started-at="2020-04-13T21:33:47Z" finished-at="2020-04-13T21:33:49Z">
          <reporter-output>
          </reporter-output>
        </test-method> <!-- verifyThatComputerLinkisDisplayed -->
        <test-method status="PASS" signature="tearDown()[pri:0, instance:com.demo.nopcommerce.testsuite.HomePageTest@7946e1f4]" name="tearDown" is-config="true" duration-ms="1559" started-at="2020-04-13T21:33:49Z" finished-at="2020-04-13T21:33:51Z">
          <reporter-output>
          </reporter-output>
        </test-method> <!-- tearDown -->
      </class> <!-- com.demo.nopcommerce.testsuite.HomePageTest -->
      <class name="com.demo.nopcommerce.testsuite.ComputerTest">
        <test-method status="PASS" signature="openBrowser()[pri:0, instance:com.demo.nopcommerce.testsuite.ComputerTest@6276ae34]" name="openBrowser" is-config="true" duration-ms="16744" started-at="2020-04-13T21:31:17Z" finished-at="2020-04-13T21:31:34Z">
          <reporter-output>
          </reporter-output>
        </test-method> <!-- openBrowser -->
        <test-method status="PASS" signature="verifyUserAbleToNavigateToComputersPage()[pri:0, instance:com.demo.nopcommerce.testsuite.ComputerTest@6276ae34]" name="verifyUserAbleToNavigateToComputersPage" duration-ms="2308" started-at="2020-04-13T21:31:34Z" finished-at="2020-04-13T21:31:36Z">
          <reporter-output>
          </reporter-output>
        </test-method> <!-- verifyUserAbleToNavigateToComputersPage -->
        <test-method status="PASS" signature="tearDown()[pri:0, instance:com.demo.nopcommerce.testsuite.ComputerTest@6276ae34]" name="tearDown" is-config="true" duration-ms="1211" started-at="2020-04-13T21:31:36Z" finished-at="2020-04-13T21:31:37Z">
          <reporter-output>
          </reporter-output>
        </test-method> <!-- tearDown -->
        <test-method status="PASS" signature="openBrowser()[pri:0, instance:com.demo.nopcommerce.testsuite.ComputerTest@6276ae34]" name="openBrowser" is-config="true" duration-ms="13115" started-at="2020-04-13T21:32:25Z" finished-at="2020-04-13T21:32:38Z">
          <reporter-output>
          </reporter-output>
        </test-method> <!-- openBrowser -->
        <test-method status="FAIL" signature="verifyUserIsAbleToNavigateToDesktopPageViaComputersPage()[pri:1, instance:com.demo.nopcommerce.testsuite.ComputerTest@6276ae34]" name="verifyUserIsAbleToNavigateToDesktopPageViaComputersPage" duration-ms="52276" started-at="2020-04-13T21:32:38Z" finished-at="2020-04-13T21:33:30Z">
          <exception class="org.openqa.selenium.NoSuchElementException">
            <message>
              <![CDATA[no such element: Unable to locate element: {"method":"xpath","selector":"//h1[contains(text(),'Desktops')]"}
  (Session info: chrome=80.0.3987.163)
For documentation on this error, please visit: https://www.seleniumhq.org/exceptions/no_such_element.html
Build info: version: '3.141.59', revision: 'e82be7d358', time: '2018-11-14T08:17:03'
System info: host: 'LAPTOP-7HUNRUID', ip: '192.168.0.8', os.name: 'Windows 10', os.arch: 'amd64', os.version: '10.0', java.version: '1.8.0_121'
Driver info: org.openqa.selenium.chrome.ChromeDriver
Capabilities {acceptInsecureCerts: false, browserName: chrome, browserVersion: 80.0.3987.163, chrome: {chromedriverVersion: 80.0.3987.106 (f68069574609..., userDataDir: C:\Users\srini\AppData\Loca...}, goog:chromeOptions: {debuggerAddress: localhost:50469}, javascriptEnabled: true, networkConnectionEnabled: false, pageLoadStrategy: normal, platform: WINDOWS, platformName: WINDOWS, proxy: Proxy(), setWindowRect: true, strictFileInteractability: false, timeouts: {implicit: 0, pageLoad: 300000, script: 30000}, unhandledPromptBehavior: dismiss and notify}
Session ID: 8007d978469ac28053b2863246e4632c
*** Element info: {Using=xpath, value=//h1[contains(text(),'Desktops')]}]]>
            </message>
            <full-stacktrace>
              <![CDATA[org.openqa.selenium.NoSuchElementException: no such element: Unable to locate element: {"method":"xpath","selector":"//h1[contains(text(),'Desktops')]"}
  (Session info: chrome=80.0.3987.163)
For documentation on this error, please visit: https://www.seleniumhq.org/exceptions/no_such_element.html
Build info: version: '3.141.59', revision: 'e82be7d358', time: '2018-11-14T08:17:03'
System info: host: 'LAPTOP-7HUNRUID', ip: '192.168.0.8', os.name: 'Windows 10', os.arch: 'amd64', os.version: '10.0', java.version: '1.8.0_121'
Driver info: org.openqa.selenium.chrome.ChromeDriver
Capabilities {acceptInsecureCerts: false, browserName: chrome, browserVersion: 80.0.3987.163, chrome: {chromedriverVersion: 80.0.3987.106 (f68069574609..., userDataDir: C:\Users\srini\AppData\Loca...}, goog:chromeOptions: {debuggerAddress: localhost:50469}, javascriptEnabled: true, networkConnectionEnabled: false, pageLoadStrategy: normal, platform: WINDOWS, platformName: WINDOWS, proxy: Proxy(), setWindowRect: true, strictFileInteractability: false, timeouts: {implicit: 0, pageLoad: 300000, script: 30000}, unhandledPromptBehavior: dismiss and notify}
Session ID: 8007d978469ac28053b2863246e4632c
*** Element info: {Using=xpath, value=//h1[contains(text(),'Desktops')]}
at sun.reflect.NativeConstructorAccessorImpl.newInstance0(Native Method)
at sun.reflect.NativeConstructorAccessorImpl.newInstance(NativeConstructorAccessorImpl.java:62)
at sun.reflect.DelegatingConstructorAccessorImpl.newInstance(DelegatingConstructorAccessorImpl.java:45)
at java.lang.reflect.Constructor.newInstance(Constructor.java:423)
at org.openqa.selenium.remote.http.W3CHttpResponseCodec.createException(W3CHttpResponseCodec.java:187)
at org.openqa.selenium.remote.http.W3CHttpResponseCodec.decode(W3CHttpResponseCodec.java:122)
at org.openqa.selenium.remote.http.W3CHttpResponseCodec.decode(W3CHttpResponseCodec.java:49)
at org.openqa.selenium.remote.HttpCommandExecutor.execute(HttpCommandExecutor.java:158)
at org.openqa.selenium.remote.service.DriverCommandExecutor.execute(DriverCommandExecutor.java:83)
at org.openqa.selenium.remote.RemoteWebDriver.execute(RemoteWebDriver.java:552)
at org.openqa.selenium.remote.RemoteWebDriver.findElement(RemoteWebDriver.java:323)
at org.openqa.selenium.remote.RemoteWebDriver.findElementByXPath(RemoteWebDriver.java:428)
at org.openqa.selenium.By$ByXPath.findElement(By.java:353)
at org.openqa.selenium.remote.RemoteWebDriver.findElement(RemoteWebDriver.java:315)
at com.demo.nopcommerce.utility.Utility.getTextFromElement(Utility.java:46)
at com.demo.nopcommerce.pages.DesktopPage.getDesktopText(DesktopPage.java:18)
at com.demo.nopcommerce.testsuite.ComputerTest.verifyUserIsAbleToNavigateToDesktopPageViaComputersPage(ComputerTest.java:38)
at sun.reflect.NativeMethodAccessorImpl.invoke0(Native Method)
at sun.reflect.NativeMethodAccessorImpl.invoke(NativeMethodAccessorImpl.java:62)
at sun.reflect.DelegatingMethodAccessorImpl.invoke(DelegatingMethodAccessorImpl.java:43)
at java.lang.reflect.Method.invoke(Method.java:498)
at org.testng.internal.MethodInvocationHelper.invokeMethod(MethodInvocationHelper.java:124)
at org.testng.internal.Invoker.invokeMethod(Invoker.java:583)
at org.testng.internal.Invoker.invokeTestMethod(Invoker.java:719)
at org.testng.internal.Invoker.invokeTestMethods(Invoker.java:989)
at org.testng.internal.TestMethodWorker.invokeTestMethods(TestMethodWorker.java:125)
at org.testng.internal.TestMethodWorker.run(TestMethodWorker.java:109)
at org.testng.TestRunner.privateRun(TestRunner.java:648)
at org.testng.TestRunner.run(TestRunner.java:505)
at org.testng.SuiteRunner.runTest(SuiteRunner.java:455)
at org.testng.SuiteRunner.runSequentially(SuiteRunner.java:450)
at org.testng.SuiteRunner.privateRun(SuiteRunner.java:415)
at org.testng.SuiteRunner.run(SuiteRunner.java:364)
at org.testng.SuiteRunnerWorker.runSuite(SuiteRunnerWorker.java:52)
at org.testng.SuiteRunnerWorker.run(SuiteRunnerWorker.java:84)
at org.testng.TestNG.runSuitesSequentially(TestNG.java:1208)
at org.testng.TestNG.runSuitesLocally(TestNG.java:1137)
at org.testng.TestNG.runSuites(TestNG.java:1049)
at org.testng.TestNG.run(TestNG.java:1017)
at org.apache.maven.surefire.testng.TestNGExecutor.run(TestNGExecutor.java:135)
at org.apache.maven.surefire.testng.TestNGDirectoryTestSuite.executeMulti(TestNGDirectoryTestSuite.java:193)
at org.apache.maven.surefire.testng.TestNGDirectoryTestSuite.execute(TestNGDirectoryTestSuite.java:94)
at org.apache.maven.surefire.testng.TestNGProvider.invoke(TestNGProvider.java:146)
at org.apache.maven.surefire.booter.ForkedBooter.invokeProviderInSameClassLoader(ForkedBooter.java:384)
at org.apache.maven.surefire.booter.ForkedBooter.runSuitesInProcess(ForkedBooter.java:345)
at org.apache.maven.surefire.booter.ForkedBooter.execute(ForkedBooter.java:126)
at org.apache.maven.surefire.booter.ForkedBooter.main(ForkedBooter.java:418)
]]>
            </full-stacktrace>
          </exception> <!-- org.openqa.selenium.NoSuchElementException -->
          <reporter-output>
          </reporter-output>
        </test-method> <!-- verifyUserIsAbleToNavigateToDesktopPageViaComputersPage -->
        <test-method status="PASS" signature="tearDown()[pri:0, instance:com.demo.nopcommerce.testsuite.ComputerTest@6276ae34]" name="tearDown" is-config="true" duration-ms="1201" started-at="2020-04-13T21:33:30Z" finished-at="2020-04-13T21:33:31Z">
          <reporter-output>
          </reporter-output>
        </test-method> <!-- tearDown -->
      </class> <!-- com.demo.nopcommerce.testsuite.ComputerTest -->
    </test> <!-- Surefire test -->
  </suite> <!-- Surefire suite -->
</testng-results>
